<?xml version="1.0" encoding="utf-8"?><testsuites name="pytest tests"><testsuite name="pytest" errors="0" failures="0" skipped="0" tests="0" time="0.008" timestamp="2025-10-06T20:55:09.340101-05:00" hostname="Ryan_Laptop" /></testsuites>